<?xml version="1.0" encoding="UTF-8"?>
<!-- Generated by org.testng.reporters.JUnitReportReporter -->
<testsuite hostname="DocCoKan" failures="0" tests="5" name="com.api.auto.testcase.TC_API_CreateWork" time="0.078" errors="0" timestamp="2024-06-18T17:40:25 ICT" skipped="0">
  <testcase classname="com.api.auto.testcase.TC_API_CreateWork" name="TC01_Validate201Created" time="0.006"/>
  <system-out/>
  <testcase classname="com.api.auto.testcase.TC_API_CreateWork" name="TC02_ValidateWorkId" time="0.021"/>
  <system-out/>
  <testcase classname="com.api.auto.testcase.TC_API_CreateWork" name="TC03_ValidateNameOfWorkMatched" time="0.018"/>
  <system-out/>
  <testcase classname="com.api.auto.testcase.TC_API_CreateWork" name="TC04_ValidateExperienceMatched" time="0.014"/>
  <system-out/>
  <testcase classname="com.api.auto.testcase.TC_API_CreateWork" name="TC05_ValidateEducationMatched" time="0.019"/>
  <system-out/>
</testsuite> <!-- com.api.auto.testcase.TC_API_CreateWork -->
