<?xml version="1.0" encoding="UTF-8"?>
<!-- Generated by org.testng.reporters.JUnitReportReporter -->
<testsuite hostname="DocCoKan" failures="0" tests="5" name="com.api.auto.testcase.TC_API_Login" time="0.850" errors="0" timestamp="2024-06-18T17:40:25 ICT" skipped="0">
  <testcase classname="com.api.auto.testcase.TC_API_Login" name="TC01_Validate200Ok" time="0.011"/>
  <system-out/>
  <testcase classname="com.api.auto.testcase.TC_API_Login" name="TC02_ValidateMessage" time="0.712"/>
  <system-out/>
  <testcase classname="com.api.auto.testcase.TC_API_Login" name="TC03_ValidateToken" time="0.046"/>
  <system-out/>
  <testcase classname="com.api.auto.testcase.TC_API_Login" name="TC05_ValidateUserType" time="0.018"/>
  <system-out/>
  <testcase classname="com.api.auto.testcase.TC_API_Login" name="TC06_ValidateAccount" time="0.063"/>
  <system-out/>
</testsuite> <!-- com.api.auto.testcase.TC_API_Login -->
